0 info it worked if it ends with ok
1 verbose cli [ 'C:\\Program Files\\nodejs\\node.exe',
1 verbose cli   'C:\\Program Files\\nodejs\\node_modules\\npm\\bin\\npm-cli.js',
1 verbose cli   'version',
1 verbose cli   'major' ]
2 info using npm@3.10.10
3 info using node@v6.11.3
4 info git [ 'status', '--porcelain' ]
5 verbose stack Error: Git working directory not clean.
5 verbose stack M example/public/index.html
5 verbose stack D example/public/js/bundle.js
5 verbose stack D example/public/test.tpl
5 verbose stack M example/src/index.js
5 verbose stack M example/webpack.config.js
5 verbose stack D lib/el.js
5 verbose stack D lib/http.js
5 verbose stack D lib/mount.js
5 verbose stack D lib/router.js
5 verbose stack M lib/solarflare.js
5 verbose stack M package.json
5 verbose stack     at C:\Program Files\nodejs\node_modules\npm\lib\version.js:247:19
5 verbose stack     at C:\Program Files\nodejs\node_modules\npm\lib\utils\no-progress-while-running.js:21:8
5 verbose stack     at ChildProcess.exithandler (child_process.js:189:7)
5 verbose stack     at emitTwo (events.js:106:13)
5 verbose stack     at ChildProcess.emit (events.js:191:7)
5 verbose stack     at maybeClose (internal/child_process.js:920:16)
5 verbose stack     at Socket.<anonymous> (internal/child_process.js:351:11)
5 verbose stack     at emitOne (events.js:96:13)
5 verbose stack     at Socket.emit (events.js:188:7)
5 verbose stack     at Pipe._handle.close [as _onclose] (net.js:497:12)
6 verbose cwd C:\Users\William\Documents\GitHub\solarflare
7 error Windows_NT 10.0.15063
8 error argv "C:\\Program Files\\nodejs\\node.exe" "C:\\Program Files\\nodejs\\node_modules\\npm\\bin\\npm-cli.js" "version" "major"
9 error node v6.11.3
10 error npm  v3.10.10
11 error Git working directory not clean.
11 error M example/public/index.html
11 error D example/public/js/bundle.js
11 error D example/public/test.tpl
11 error M example/src/index.js
11 error M example/webpack.config.js
11 error D lib/el.js
11 error D lib/http.js
11 error D lib/mount.js
11 error D lib/router.js
11 error M lib/solarflare.js
11 error M package.json
12 error If you need help, you may report this error at:
12 error     <https://github.com/npm/npm/issues>
13 verbose exit [ 1, true ]
